{"C:\\Users\\draga\\Documents\\Avantos\\react-journey-builder\\eslint.config.js": {"path":"C:\\Users\\draga\\Documents\\Avantos\\react-journey-builder\\eslint.config.js","all":true,"statementMap":{"0":{"start":{"line":1,"column":0},"end":{"line":1,"column":51}},"1":{"start":{"line":2,"column":0},"end":{"line":2,"column":55}},"2":{"start":{"line":3,"column":0},"end":{"line":3,"column":30}},"4":{"start":{"line":5,"column":0},"end":{"line":5,"column":28}},"6":{"start":{"line":7,"column":0},"end":{"line":7,"column":16}},"7":{"start":{"line":8,"column":0},"end":{"line":8,"column":23}},"8":{"start":{"line":9,"column":0},"end":{"line":9,"column":2}},"9":{"start":{"line":10,"column":0},"end":{"line":10,"column":27}},"10":{"start":{"line":11,"column":0},"end":{"line":11,"column":20}},"11":{"start":{"line":12,"column":0},"end":{"line":12,"column":21}},"12":{"start":{"line":13,"column":0},"end":{"line":13,"column":28}},"13":{"start":{"line":14,"column":0},"end":{"line":14,"column":19}},"14":{"start":{"line":15,"column":0},"end":{"line":15,"column":26}},"15":{"start":{"line":16,"column":0},"end":{"line":16,"column":32}},"16":{"start":{"line":17,"column":0},"end":{"line":17,"column":25}},"17":{"start":{"line":18,"column":0},"end":{"line":18,"column":5}},"18":{"start":{"line":19,"column":0},"end":{"line":19,"column":4}},"19":{"start":{"line":20,"column":0},"end":{"line":20,"column":12}},"20":{"start":{"line":21,"column":0},"end":{"line":21,"column":29}},"21":{"start":{"line":22,"column":0},"end":{"line":22,"column":33}},"22":{"start":{"line":23,"column":0},"end":{"line":23,"column":4}},"23":{"start":{"line":24,"column":0},"end":{"line":24,"column":10}},"24":{"start":{"line":25,"column":0},"end":{"line":25,"column":35}},"25":{"start":{"line":26,"column":0},"end":{"line":26,"column":43}},"26":{"start":{"line":27,"column":0},"end":{"line":27,"column":65}},"27":{"start":{"line":28,"column":0},"end":{"line":28,"column":83}},"28":{"start":{"line":29,"column":0},"end":{"line":29,"column":4}},"29":{"start":{"line":30,"column":0},"end":{"line":30,"column":3}},"30":{"start":{"line":31,"column":0},"end":{"line":31,"column":2}}},"s":{"0":0,"1":0,"2":0,"4":0,"6":0,"7":0,"8":0,"9":0,"10":0,"11":0,"12":0,"13":0,"14":0,"15":0,"16":0,"17":0,"18":0,"19":0,"20":0,"21":0,"22":0,"23":0,"24":0,"25":0,"26":0,"27":0,"28":0,"29":0,"30":0},"branchMap":{"0":{"type":"branch","line":1,"loc":{"start":{"line":1,"column":765},"end":{"line":31,"column":2}},"locations":[{"start":{"line":1,"column":765},"end":{"line":31,"column":2}}]}},"b":{"0":[0]},"fnMap":{"0":{"name":"(empty-report)","decl":{"start":{"line":1,"column":765},"end":{"line":31,"column":2}},"loc":{"start":{"line":1,"column":765},"end":{"line":31,"column":2}},"line":1}},"f":{"0":0}}
,"C:\\Users\\draga\\Documents\\Avantos\\react-journey-builder\\tailwind.config.js": {"path":"C:\\Users\\draga\\Documents\\Avantos\\react-journey-builder\\tailwind.config.js","all":true,"statementMap":{"0":{"start":{"line":1,"column":0},"end":{"line":1,"column":43}},"1":{"start":{"line":2,"column":0},"end":{"line":2,"column":16}},"2":{"start":{"line":3,"column":0},"end":{"line":3,"column":9}},"3":{"start":{"line":4,"column":0},"end":{"line":4,"column":11}},"4":{"start":{"line":5,"column":0},"end":{"line":5,"column":15}},"5":{"start":{"line":6,"column":0},"end":{"line":6,"column":23}},"6":{"start":{"line":7,"column":0},"end":{"line":7,"column":27}},"7":{"start":{"line":8,"column":0},"end":{"line":8,"column":61}},"8":{"start":{"line":9,"column":0},"end":{"line":9,"column":6}},"9":{"start":{"line":10,"column":0},"end":{"line":10,"column":21}},"10":{"start":{"line":11,"column":0},"end":{"line":11,"column":63}},"11":{"start":{"line":12,"column":0},"end":{"line":12,"column":25}},"12":{"start":{"line":13,"column":0},"end":{"line":13,"column":6}},"13":{"start":{"line":14,"column":0},"end":{"line":14,"column":5}},"14":{"start":{"line":15,"column":0},"end":{"line":15,"column":15}},"15":{"start":{"line":16,"column":0},"end":{"line":16,"column":53}},"16":{"start":{"line":17,"column":0},"end":{"line":17,"column":49}},"17":{"start":{"line":18,"column":0},"end":{"line":18,"column":5}},"18":{"start":{"line":19,"column":0},"end":{"line":19,"column":4}},"19":{"start":{"line":20,"column":0},"end":{"line":20,"column":3}},"20":{"start":{"line":21,"column":0},"end":{"line":21,"column":2}}},"s":{"0":0,"1":0,"2":0,"3":0,"4":0,"5":0,"6":0,"7":0,"8":0,"9":0,"10":0,"11":0,"12":0,"13":0,"14":0,"15":0,"16":0,"17":0,"18":0,"19":0,"20":0},"branchMap":{"0":{"type":"branch","line":1,"loc":{"start":{"line":1,"column":502},"end":{"line":21,"column":2}},"locations":[{"start":{"line":1,"column":502},"end":{"line":21,"column":2}}]}},"b":{"0":[0]},"fnMap":{"0":{"name":"(empty-report)","decl":{"start":{"line":1,"column":502},"end":{"line":21,"column":2}},"loc":{"start":{"line":1,"column":502},"end":{"line":21,"column":2}},"line":1}},"f":{"0":0}}
,"C:\\Users\\draga\\Documents\\Avantos\\react-journey-builder\\vite.config.ts": {"path":"C:\\Users\\draga\\Documents\\Avantos\\react-journey-builder\\vite.config.ts","all":true,"statementMap":{"0":{"start":{"line":1,"column":0},"end":{"line":1,"column":24}},"1":{"start":{"line":2,"column":0},"end":{"line":2,"column":36}},"3":{"start":{"line":4,"column":0},"end":{"line":4,"column":45}},"4":{"start":{"line":5,"column":0},"end":{"line":5,"column":44}},"6":{"start":{"line":7,"column":0},"end":{"line":7,"column":27}},"7":{"start":{"line":8,"column":0},"end":{"line":8,"column":29}},"8":{"start":{"line":9,"column":0},"end":{"line":9,"column":35}},"9":{"start":{"line":10,"column":0},"end":{"line":10,"column":11}},"10":{"start":{"line":11,"column":0},"end":{"line":11,"column":10}},"11":{"start":{"line":12,"column":0},"end":{"line":12,"column":41}},"12":{"start":{"line":13,"column":0},"end":{"line":13,"column":4}},"13":{"start":{"line":14,"column":0},"end":{"line":14,"column":3}},"14":{"start":{"line":15,"column":0},"end":{"line":15,"column":3}}},"s":{"0":0,"1":0,"3":0,"4":0,"6":0,"7":0,"8":0,"9":0,"10":0,"11":0,"12":0,"13":0,"14":0},"branchMap":{"0":{"type":"branch","line":1,"loc":{"start":{"line":1,"column":326},"end":{"line":15,"column":3}},"locations":[{"start":{"line":1,"column":326},"end":{"line":15,"column":3}}]}},"b":{"0":[0]},"fnMap":{"0":{"name":"(empty-report)","decl":{"start":{"line":1,"column":326},"end":{"line":15,"column":3}},"loc":{"start":{"line":1,"column":326},"end":{"line":15,"column":3}},"line":1}},"f":{"0":0}}
,"C:\\Users\\draga\\Documents\\Avantos\\react-journey-builder\\vitest.config.ts": {"path":"C:\\Users\\draga\\Documents\\Avantos\\react-journey-builder\\vitest.config.ts","all":true,"statementMap":{"0":{"start":{"line":1,"column":0},"end":{"line":1,"column":45}},"1":{"start":{"line":2,"column":0},"end":{"line":2,"column":45}},"2":{"start":{"line":3,"column":0},"end":{"line":3,"column":24}},"4":{"start":{"line":5,"column":0},"end":{"line":5,"column":29}},"5":{"start":{"line":6,"column":0},"end":{"line":6,"column":20}},"6":{"start":{"line":7,"column":0},"end":{"line":7,"column":8}},"7":{"start":{"line":8,"column":0},"end":{"line":8,"column":23}},"8":{"start":{"line":9,"column":0},"end":{"line":9,"column":16}},"9":{"start":{"line":10,"column":0},"end":{"line":10,"column":38}},"10":{"start":{"line":11,"column":0},"end":{"line":11,"column":13}},"11":{"start":{"line":12,"column":0},"end":{"line":12,"column":18}},"12":{"start":{"line":13,"column":0},"end":{"line":13,"column":38}},"13":{"start":{"line":14,"column":0},"end":{"line":14,"column":51}},"14":{"start":{"line":15,"column":0},"end":{"line":15,"column":4}},"15":{"start":{"line":16,"column":0},"end":{"line":16,"column":3}},"16":{"start":{"line":17,"column":0},"end":{"line":17,"column":11}},"17":{"start":{"line":18,"column":0},"end":{"line":18,"column":10}},"18":{"start":{"line":19,"column":0},"end":{"line":19,"column":41}},"19":{"start":{"line":20,"column":0},"end":{"line":20,"column":4}},"20":{"start":{"line":21,"column":0},"end":{"line":21,"column":3}},"21":{"start":{"line":22,"column":0},"end":{"line":22,"column":3}}},"s":{"0":0,"1":0,"2":0,"4":0,"5":0,"6":0,"7":0,"8":0,"9":0,"10":0,"11":0,"12":0,"13":0,"14":0,"15":0,"16":0,"17":0,"18":0,"19":0,"20":0,"21":0},"branchMap":{"0":{"type":"branch","line":1,"loc":{"start":{"line":1,"column":489},"end":{"line":22,"column":3}},"locations":[{"start":{"line":1,"column":489},"end":{"line":22,"column":3}}]}},"b":{"0":[0]},"fnMap":{"0":{"name":"(empty-report)","decl":{"start":{"line":1,"column":489},"end":{"line":22,"column":3}},"loc":{"start":{"line":1,"column":489},"end":{"line":22,"column":3}},"line":1}},"f":{"0":0}}
,"C:\\Users\\draga\\Documents\\Avantos\\react-journey-builder\\src\\App.tsx": {"path":"C:\\Users\\draga\\Documents\\Avantos\\react-journey-builder\\src\\App.tsx","all":true,"statementMap":{"0":{"start":{"line":1,"column":0},"end":{"line":1,"column":45}},"2":{"start":{"line":3,"column":0},"end":{"line":3,"column":64}},"3":{"start":{"line":4,"column":0},"end":{"line":4,"column":58}},"6":{"start":{"line":7,"column":0},"end":{"line":7,"column":62}},"8":{"start":{"line":9,"column":0},"end":{"line":9,"column":16}},"9":{"start":{"line":10,"column":0},"end":{"line":10,"column":49}},"11":{"start":{"line":12,"column":0},"end":{"line":12,"column":78}},"13":{"start":{"line":14,"column":0},"end":{"line":14,"column":51}},"14":{"start":{"line":15,"column":0},"end":{"line":15,"column":62}},"15":{"start":{"line":16,"column":0},"end":{"line":16,"column":13}},"16":{"start":{"line":17,"column":0},"end":{"line":17,"column":25}},"17":{"start":{"line":18,"column":0},"end":{"line":18,"column":3}},"18":{"start":{"line":19,"column":0},"end":{"line":19,"column":3}},"20":{"start":{"line":21,"column":0},"end":{"line":21,"column":51}},"21":{"start":{"line":22,"column":0},"end":{"line":22,"column":14}},"22":{"start":{"line":23,"column":0},"end":{"line":23,"column":25}},"23":{"start":{"line":24,"column":0},"end":{"line":24,"column":3}},"24":{"start":{"line":25,"column":0},"end":{"line":25,"column":3}},"26":{"start":{"line":27,"column":0},"end":{"line":27,"column":9}},"27":{"start":{"line":28,"column":0},"end":{"line":28,"column":59}},"28":{"start":{"line":29,"column":0},"end":{"line":29,"column":110}},"29":{"start":{"line":30,"column":0},"end":{"line":30,"column":49}},"32":{"start":{"line":33,"column":0},"end":{"line":33,"column":1}},"34":{"start":{"line":35,"column":0},"end":{"line":35,"column":19}}},"s":{"0":0,"2":0,"3":0,"6":0,"8":0,"9":0,"11":0,"13":0,"14":0,"15":0,"16":0,"17":0,"18":0,"20":0,"21":0,"22":0,"23":0,"24":0,"26":0,"27":0,"28":0,"29":0,"32":0,"34":0},"branchMap":{"0":{"type":"branch","line":1,"loc":{"start":{"line":1,"column":1097},"end":{"line":35,"column":19}},"locations":[{"start":{"line":1,"column":1097},"end":{"line":35,"column":19}}]}},"b":{"0":[0]},"fnMap":{"0":{"name":"(empty-report)","decl":{"start":{"line":1,"column":1097},"end":{"line":35,"column":19}},"loc":{"start":{"line":1,"column":1097},"end":{"line":35,"column":19}},"line":1}},"f":{"0":0}}
,"C:\\Users\\draga\\Documents\\Avantos\\react-journey-builder\\src\\main.tsx": {"path":"C:\\Users\\draga\\Documents\\Avantos\\react-journey-builder\\src\\main.tsx","all":true,"statementMap":{"0":{"start":{"line":1,"column":0},"end":{"line":1,"column":35}},"1":{"start":{"line":2,"column":0},"end":{"line":2,"column":46}},"3":{"start":{"line":4,"column":0},"end":{"line":4,"column":66}},"4":{"start":{"line":5,"column":0},"end":{"line":5,"column":28}},"6":{"start":{"line":7,"column":0},"end":{"line":7,"column":21}},"8":{"start":{"line":9,"column":0},"end":{"line":9,"column":52}},"9":{"start":{"line":10,"column":0},"end":{"line":10,"column":13}},"10":{"start":{"line":11,"column":0},"end":{"line":11,"column":21}},"11":{"start":{"line":12,"column":0},"end":{"line":12,"column":10}}},"s":{"0":0,"1":0,"3":0,"4":0,"6":0,"8":0,"9":0,"10":0,"11":0},"branchMap":{"0":{"type":"branch","line":1,"loc":{"start":{"line":1,"column":344},"end":{"line":15,"column":2}},"locations":[{"start":{"line":1,"column":344},"end":{"line":15,"column":2}}]}},"b":{"0":[0]},"fnMap":{"0":{"name":"(empty-report)","decl":{"start":{"line":1,"column":344},"end":{"line":15,"column":2}},"loc":{"start":{"line":1,"column":344},"end":{"line":15,"column":2}},"line":1}},"f":{"0":0}}
,"C:\\Users\\draga\\Documents\\Avantos\\react-journey-builder\\src\\api\\api.ts": {"path":"C:\\Users\\draga\\Documents\\Avantos\\react-journey-builder\\src\\api\\api.ts","all":false,"statementMap":{"3":{"start":{"line":4,"column":0},"end":{"line":4,"column":28}},"5":{"start":{"line":6,"column":0},"end":{"line":6,"column":69}},"6":{"start":{"line":7,"column":0},"end":{"line":7,"column":6}},"7":{"start":{"line":8,"column":0},"end":{"line":8,"column":67}},"9":{"start":{"line":10,"column":0},"end":{"line":10,"column":32}},"10":{"start":{"line":11,"column":0},"end":{"line":11,"column":24}},"11":{"start":{"line":12,"column":0},"end":{"line":12,"column":3}},"13":{"start":{"line":14,"column":0},"end":{"line":14,"column":47}},"14":{"start":{"line":15,"column":0},"end":{"line":15,"column":18}},"15":{"start":{"line":16,"column":0},"end":{"line":16,"column":61}},"16":{"start":{"line":17,"column":0},"end":{"line":17,"column":14}},"17":{"start":{"line":18,"column":0},"end":{"line":18,"column":2}},"18":{"start":{"line":19,"column":0},"end":{"line":19,"column":2}},"20":{"start":{"line":21,"column":0},"end":{"line":21,"column":70}},"21":{"start":{"line":22,"column":0},"end":{"line":22,"column":67}},"22":{"start":{"line":23,"column":0},"end":{"line":23,"column":9}},"23":{"start":{"line":24,"column":0},"end":{"line":24,"column":3}},"24":{"start":{"line":25,"column":0},"end":{"line":25,"column":35}},"25":{"start":{"line":26,"column":0},"end":{"line":26,"column":34}},"26":{"start":{"line":27,"column":0},"end":{"line":27,"column":16}},"27":{"start":{"line":28,"column":0},"end":{"line":28,"column":5}},"28":{"start":{"line":29,"column":0},"end":{"line":29,"column":48}},"29":{"start":{"line":30,"column":0},"end":{"line":30,"column":33}},"30":{"start":{"line":31,"column":0},"end":{"line":31,"column":41}},"31":{"start":{"line":32,"column":0},"end":{"line":32,"column":40}},"32":{"start":{"line":33,"column":0},"end":{"line":33,"column":6}},"33":{"start":{"line":34,"column":0},"end":{"line":34,"column":5}},"34":{"start":{"line":35,"column":0},"end":{"line":35,"column":48}},"35":{"start":{"line":36,"column":0},"end":{"line":36,"column":33}},"36":{"start":{"line":37,"column":0},"end":{"line":37,"column":41}},"37":{"start":{"line":38,"column":0},"end":{"line":38,"column":40}},"38":{"start":{"line":39,"column":0},"end":{"line":39,"column":6}},"40":{"start":{"line":41,"column":0},"end":{"line":41,"column":4}},"41":{"start":{"line":42,"column":0},"end":{"line":42,"column":3}},"42":{"start":{"line":43,"column":0},"end":{"line":43,"column":35}},"43":{"start":{"line":44,"column":0},"end":{"line":44,"column":34}},"44":{"start":{"line":45,"column":0},"end":{"line":45,"column":16}},"45":{"start":{"line":46,"column":0},"end":{"line":46,"column":5}},"46":{"start":{"line":47,"column":0},"end":{"line":47,"column":48}},"47":{"start":{"line":48,"column":0},"end":{"line":48,"column":33}},"48":{"start":{"line":49,"column":0},"end":{"line":49,"column":41}},"49":{"start":{"line":50,"column":0},"end":{"line":50,"column":40}},"50":{"start":{"line":51,"column":0},"end":{"line":51,"column":6}},"51":{"start":{"line":52,"column":0},"end":{"line":52,"column":5}},"52":{"start":{"line":53,"column":0},"end":{"line":53,"column":48}},"53":{"start":{"line":54,"column":0},"end":{"line":54,"column":33}},"54":{"start":{"line":55,"column":0},"end":{"line":55,"column":41}},"55":{"start":{"line":56,"column":0},"end":{"line":56,"column":40}},"56":{"start":{"line":57,"column":0},"end":{"line":57,"column":6}},"58":{"start":{"line":59,"column":0},"end":{"line":59,"column":4}},"59":{"start":{"line":60,"column":0},"end":{"line":60,"column":3}},"60":{"start":{"line":61,"column":0},"end":{"line":61,"column":2}}},"s":{"3":1,"5":1,"6":3,"7":3,"9":3,"10":1,"11":1,"13":1,"14":3,"15":2,"16":2,"17":2,"18":3,"20":1,"21":1,"22":1,"23":1,"24":1,"25":1,"26":1,"27":1,"28":1,"29":1,"30":1,"31":1,"32":1,"33":1,"34":1,"35":1,"36":1,"37":1,"38":1,"40":1,"41":1,"42":1,"43":1,"44":1,"45":1,"46":1,"47":1,"48":1,"49":1,"50":1,"51":1,"52":1,"53":1,"54":1,"55":1,"56":1,"58":1,"59":1,"60":1},"branchMap":{"0":{"type":"branch","line":6,"loc":{"start":{"line":6,"column":28},"end":{"line":19,"column":2}},"locations":[{"start":{"line":6,"column":28},"end":{"line":19,"column":2}}]},"1":{"type":"branch","line":8,"loc":{"start":{"line":8,"column":35},"end":{"line":10,"column":31}},"locations":[{"start":{"line":8,"column":35},"end":{"line":10,"column":31}}]},"2":{"type":"branch","line":10,"loc":{"start":{"line":10,"column":31},"end":{"line":15,"column":3}},"locations":[{"start":{"line":10,"column":31},"end":{"line":15,"column":3}}]},"3":{"type":"branch","line":15,"loc":{"start":{"line":15,"column":3},"end":{"line":18,"column":2}},"locations":[{"start":{"line":15,"column":3},"end":{"line":18,"column":2}}]},"4":{"type":"branch","line":22,"loc":{"start":{"line":22,"column":38},"end":{"line":61,"column":2}},"locations":[{"start":{"line":22,"column":38},"end":{"line":61,"column":2}}]}},"b":{"0":[3],"1":[2],"2":[1],"3":[2],"4":[1]},"fnMap":{"0":{"name":"getBlueprint","decl":{"start":{"line":6,"column":28},"end":{"line":19,"column":2}},"loc":{"start":{"line":6,"column":28},"end":{"line":19,"column":2}},"line":6},"1":{"name":"getGlobalFormProviders","decl":{"start":{"line":22,"column":38},"end":{"line":61,"column":2}},"loc":{"start":{"line":22,"column":38},"end":{"line":61,"column":2}},"line":22}},"f":{"0":3,"1":1}}
,"C:\\Users\\draga\\Documents\\Avantos\\react-journey-builder\\src\\api\\axios.ts": {"path":"C:\\Users\\draga\\Documents\\Avantos\\react-journey-builder\\src\\api\\axios.ts","all":false,"statementMap":{"0":{"start":{"line":1,"column":0},"end":{"line":1,"column":26}},"2":{"start":{"line":3,"column":0},"end":{"line":3,"column":29}},"3":{"start":{"line":4,"column":0},"end":{"line":4,"column":42}},"4":{"start":{"line":5,"column":0},"end":{"line":5,"column":3}}},"s":{"0":1,"2":1,"3":1,"4":1},"branchMap":{},"b":{},"fnMap":{},"f":{}}
,"C:\\Users\\draga\\Documents\\Avantos\\react-journey-builder\\src\\components\\prefill-form\\PrefillForm.tsx": {"path":"C:\\Users\\draga\\Documents\\Avantos\\react-journey-builder\\src\\components\\prefill-form\\PrefillForm.tsx","all":false,"statementMap":{"0":{"start":{"line":1,"column":0},"end":{"line":1,"column":38}},"1":{"start":{"line":2,"column":0},"end":{"line":2,"column":45}},"4":{"start":{"line":5,"column":0},"end":{"line":5,"column":62}},"5":{"start":{"line":6,"column":0},"end":{"line":6,"column":64}},"7":{"start":{"line":8,"column":0},"end":{"line":8,"column":59}},"8":{"start":{"line":9,"column":0},"end":{"line":9,"column":93}},"9":{"start":{"line":10,"column":0},"end":{"line":10,"column":52}},"16":{"start":{"line":17,"column":0},"end":{"line":17,"column":84}},"17":{"start":{"line":18,"column":0},"end":{"line":18,"column":59}},"18":{"start":{"line":19,"column":0},"end":{"line":19,"column":85}},"20":{"start":{"line":21,"column":0},"end":{"line":21,"column":73}},"21":{"start":{"line":22,"column":0},"end":{"line":22,"column":26}},"22":{"start":{"line":23,"column":0},"end":{"line":23,"column":10}},"23":{"start":{"line":24,"column":0},"end":{"line":24,"column":3}},"25":{"start":{"line":26,"column":0},"end":{"line":26,"column":27}},"26":{"start":{"line":27,"column":0},"end":{"line":27,"column":13}},"27":{"start":{"line":28,"column":0},"end":{"line":28,"column":14}},"28":{"start":{"line":29,"column":0},"end":{"line":29,"column":32}},"29":{"start":{"line":30,"column":0},"end":{"line":30,"column":44}},"30":{"start":{"line":31,"column":0},"end":{"line":31,"column":6}},"31":{"start":{"line":32,"column":0},"end":{"line":32,"column":43}},"32":{"start":{"line":33,"column":0},"end":{"line":33,"column":6}},"33":{"start":{"line":34,"column":0},"end":{"line":34,"column":3}},"35":{"start":{"line":36,"column":0},"end":{"line":36,"column":28}},"36":{"start":{"line":37,"column":0},"end":{"line":37,"column":3}},"38":{"start":{"line":39,"column":0},"end":{"line":39,"column":59}},"39":{"start":{"line":40,"column":0},"end":{"line":40,"column":12}},"40":{"start":{"line":41,"column":0},"end":{"line":41,"column":35}},"41":{"start":{"line":42,"column":0},"end":{"line":42,"column":54}},"42":{"start":{"line":43,"column":0},"end":{"line":43,"column":5}},"43":{"start":{"line":44,"column":0},"end":{"line":44,"column":3}},"45":{"start":{"line":46,"column":0},"end":{"line":46,"column":9}},"46":{"start":{"line":47,"column":0},"end":{"line":47,"column":58}},"47":{"start":{"line":48,"column":0},"end":{"line":48,"column":42}},"48":{"start":{"line":49,"column":0},"end":{"line":49,"column":17}},"49":{"start":{"line":50,"column":0},"end":{"line":50,"column":64}},"50":{"start":{"line":51,"column":0},"end":{"line":51,"column":71}},"53":{"start":{"line":54,"column":0},"end":{"line":54,"column":55}},"54":{"start":{"line":55,"column":0},"end":{"line":55,"column":28}},"55":{"start":{"line":56,"column":0},"end":{"line":56,"column":50}},"56":{"start":{"line":57,"column":0},"end":{"line":57,"column":56}},"57":{"start":{"line":58,"column":0},"end":{"line":58,"column":13}},"58":{"start":{"line":59,"column":0},"end":{"line":59,"column":41}},"59":{"start":{"line":60,"column":0},"end":{"line":60,"column":160}},"60":{"start":{"line":61,"column":0},"end":{"line":61,"column":16}},"61":{"start":{"line":62,"column":0},"end":{"line":62,"column":98}},"63":{"start":{"line":64,"column":0},"end":{"line":64,"column":86}},"64":{"start":{"line":65,"column":0},"end":{"line":65,"column":42}},"68":{"start":{"line":69,"column":0},"end":{"line":69,"column":17}},"69":{"start":{"line":70,"column":0},"end":{"line":70,"column":28}},"70":{"start":{"line":71,"column":0},"end":{"line":71,"column":155}},"71":{"start":{"line":72,"column":0},"end":{"line":72,"column":56}},"73":{"start":{"line":74,"column":0},"end":{"line":74,"column":78}},"74":{"start":{"line":75,"column":0},"end":{"line":75,"column":35}},"82":{"start":{"line":83,"column":0},"end":{"line":83,"column":109}},"87":{"start":{"line":88,"column":0},"end":{"line":88,"column":2}},"89":{"start":{"line":90,"column":0},"end":{"line":90,"column":27}}},"s":{"0":1,"1":1,"4":1,"5":1,"7":1,"8":1,"9":1,"16":1,"17":9,"18":9,"20":9,"21":1,"22":0,"23":0,"25":1,"26":1,"27":1,"28":1,"29":1,"30":1,"31":1,"32":1,"33":1,"35":1,"36":1,"38":9,"39":1,"40":1,"41":1,"42":1,"43":1,"45":9,"46":9,"47":9,"48":9,"49":9,"50":9,"53":9,"54":9,"55":9,"56":9,"57":9,"58":9,"59":1,"60":1,"61":1,"63":1,"64":1,"68":9,"69":9,"70":9,"71":9,"73":9,"74":9,"82":9,"87":9,"89":1},"branchMap":{"0":{"type":"branch","line":17,"loc":{"start":{"line":17,"column":20},"end":{"line":88,"column":2}},"locations":[{"start":{"line":17,"column":20},"end":{"line":88,"column":2}}]},"1":{"type":"branch","line":21,"loc":{"start":{"line":21,"column":33},"end":{"line":37,"column":3}},"locations":[{"start":{"line":21,"column":33},"end":{"line":37,"column":3}}]},"2":{"type":"branch","line":22,"loc":{"start":{"line":22,"column":25},"end":{"line":24,"column":3}},"locations":[{"start":{"line":22,"column":25},"end":{"line":24,"column":3}}]},"3":{"type":"branch","line":39,"loc":{"start":{"line":39,"column":30},"end":{"line":44,"column":3}},"locations":[{"start":{"line":39,"column":30},"end":{"line":44,"column":3}}]},"4":{"type":"branch","line":59,"loc":{"start":{"line":59,"column":37},"end":{"line":69,"column":11}},"locations":[{"start":{"line":59,"column":37},"end":{"line":69,"column":11}}]},"5":{"type":"branch","line":64,"loc":{"start":{"line":64,"column":48},"end":{"line":64,"column":86}},"locations":[{"start":{"line":64,"column":48},"end":{"line":64,"column":86}}]},"6":{"type":"branch","line":72,"loc":{"start":{"line":72,"column":20},"end":{"line":72,"column":56}},"locations":[{"start":{"line":72,"column":20},"end":{"line":72,"column":56}}]}},"b":{"0":[9],"1":[1],"2":[0],"3":[1],"4":[1],"5":[1],"6":[2]},"fnMap":{"0":{"name":"PrefillForm","decl":{"start":{"line":17,"column":20},"end":{"line":88,"column":2}},"loc":{"start":{"line":17,"column":20},"end":{"line":88,"column":2}},"line":17},"1":{"name":"handlePropertySelection","decl":{"start":{"line":21,"column":33},"end":{"line":37,"column":3}},"loc":{"start":{"line":21,"column":33},"end":{"line":37,"column":3}},"line":21},"2":{"name":"handleDeleteProperty","decl":{"start":{"line":39,"column":30},"end":{"line":44,"column":3}},"loc":{"start":{"line":39,"column":30},"end":{"line":44,"column":3}},"line":39},"3":{"name":"onClick","decl":{"start":{"line":64,"column":48},"end":{"line":64,"column":86}},"loc":{"start":{"line":64,"column":48},"end":{"line":64,"column":86}},"line":64},"4":{"name":"onClick","decl":{"start":{"line":72,"column":20},"end":{"line":72,"column":56}},"loc":{"start":{"line":72,"column":20},"end":{"line":72,"column":56}},"line":72}},"f":{"0":9,"1":1,"2":1,"3":1,"4":2}}
,"C:\\Users\\draga\\Documents\\Avantos\\react-journey-builder\\src\\components\\prefill-form\\PropertySelection.tsx": {"path":"C:\\Users\\draga\\Documents\\Avantos\\react-journey-builder\\src\\components\\prefill-form\\PropertySelection.tsx","all":false,"statementMap":{"0":{"start":{"line":1,"column":0},"end":{"line":1,"column":45}},"3":{"start":{"line":4,"column":0},"end":{"line":4,"column":62}},"5":{"start":{"line":6,"column":0},"end":{"line":6,"column":95}},"12":{"start":{"line":13,"column":0},"end":{"line":13,"column":81}},"13":{"start":{"line":14,"column":0},"end":{"line":14,"column":49}},"14":{"start":{"line":15,"column":0},"end":{"line":15,"column":99}},"16":{"start":{"line":17,"column":0},"end":{"line":17,"column":69}},"17":{"start":{"line":18,"column":0},"end":{"line":18,"column":52}},"18":{"start":{"line":19,"column":0},"end":{"line":19,"column":36}},"19":{"start":{"line":20,"column":0},"end":{"line":20,"column":10}},"20":{"start":{"line":21,"column":0},"end":{"line":21,"column":40}},"21":{"start":{"line":22,"column":0},"end":{"line":22,"column":3}},"22":{"start":{"line":23,"column":0},"end":{"line":23,"column":3}},"24":{"start":{"line":25,"column":0},"end":{"line":25,"column":9}},"25":{"start":{"line":26,"column":0},"end":{"line":26,"column":47}},"26":{"start":{"line":27,"column":0},"end":{"line":27,"column":40}},"27":{"start":{"line":28,"column":0},"end":{"line":28,"column":53}},"28":{"start":{"line":29,"column":0},"end":{"line":29,"column":13}},"29":{"start":{"line":30,"column":0},"end":{"line":30,"column":47}},"30":{"start":{"line":31,"column":0},"end":{"line":31,"column":65}},"31":{"start":{"line":32,"column":0},"end":{"line":32,"column":25}},"32":{"start":{"line":33,"column":0},"end":{"line":33,"column":51}},"33":{"start":{"line":34,"column":0},"end":{"line":34,"column":55}},"34":{"start":{"line":35,"column":0},"end":{"line":35,"column":17}},"35":{"start":{"line":36,"column":0},"end":{"line":36,"column":28}},"36":{"start":{"line":37,"column":0},"end":{"line":37,"column":65}},"37":{"start":{"line":38,"column":0},"end":{"line":38,"column":87}},"38":{"start":{"line":39,"column":0},"end":{"line":39,"column":14}},"39":{"start":{"line":40,"column":0},"end":{"line":40,"column":67}},"41":{"start":{"line":42,"column":0},"end":{"line":42,"column":24}},"48":{"start":{"line":49,"column":0},"end":{"line":49,"column":7}},"49":{"start":{"line":50,"column":0},"end":{"line":50,"column":50}},"50":{"start":{"line":51,"column":0},"end":{"line":51,"column":75}},"51":{"start":{"line":52,"column":0},"end":{"line":52,"column":13}},"52":{"start":{"line":53,"column":0},"end":{"line":53,"column":50}},"53":{"start":{"line":54,"column":0},"end":{"line":54,"column":73}},"54":{"start":{"line":55,"column":0},"end":{"line":55,"column":25}},"55":{"start":{"line":56,"column":0},"end":{"line":56,"column":51}},"56":{"start":{"line":57,"column":0},"end":{"line":57,"column":62}},"57":{"start":{"line":58,"column":0},"end":{"line":58,"column":17}},"58":{"start":{"line":59,"column":0},"end":{"line":59,"column":28}},"59":{"start":{"line":60,"column":0},"end":{"line":60,"column":65}},"60":{"start":{"line":61,"column":0},"end":{"line":61,"column":87}},"61":{"start":{"line":62,"column":0},"end":{"line":62,"column":14}},"62":{"start":{"line":63,"column":0},"end":{"line":63,"column":67}},"64":{"start":{"line":65,"column":0},"end":{"line":65,"column":24}},"71":{"start":{"line":72,"column":0},"end":{"line":72,"column":7}},"74":{"start":{"line":75,"column":0},"end":{"line":75,"column":79}},"75":{"start":{"line":76,"column":0},"end":{"line":76,"column":11}},"76":{"start":{"line":77,"column":0},"end":{"line":77,"column":74}},"77":{"start":{"line":78,"column":0},"end":{"line":78,"column":46}},"78":{"start":{"line":79,"column":0},"end":{"line":79,"column":5}},"81":{"start":{"line":82,"column":0},"end":{"line":82,"column":11}},"82":{"start":{"line":83,"column":0},"end":{"line":83,"column":147}},"83":{"start":{"line":84,"column":0},"end":{"line":84,"column":40}},"84":{"start":{"line":85,"column":0},"end":{"line":85,"column":73}},"85":{"start":{"line":86,"column":0},"end":{"line":86,"column":5}},"91":{"start":{"line":92,"column":0},"end":{"line":92,"column":2}},"93":{"start":{"line":94,"column":0},"end":{"line":94,"column":33}}},"s":{"0":1,"3":1,"5":1,"12":1,"13":7,"14":7,"16":7,"17":1,"18":0,"19":1,"20":1,"21":1,"22":1,"24":7,"25":7,"26":7,"27":7,"28":7,"29":7,"30":7,"31":7,"32":7,"33":7,"34":7,"35":7,"36":7,"37":7,"38":7,"39":7,"41":7,"48":7,"49":7,"50":7,"51":7,"52":7,"53":7,"54":7,"55":7,"56":7,"57":7,"58":7,"59":7,"60":7,"61":7,"62":7,"64":7,"71":7,"74":7,"75":7,"76":7,"77":7,"78":7,"81":7,"82":7,"83":7,"84":7,"85":7,"91":7,"93":1},"branchMap":{"0":{"type":"branch","line":13,"loc":{"start":{"line":13,"column":26},"end":{"line":92,"column":2}},"locations":[{"start":{"line":13,"column":26},"end":{"line":92,"column":2}}]},"1":{"type":"branch","line":17,"loc":{"start":{"line":17,"column":40},"end":{"line":23,"column":3}},"locations":[{"start":{"line":17,"column":40},"end":{"line":23,"column":3}}]},"2":{"type":"branch","line":18,"loc":{"start":{"line":18,"column":6},"end":{"line":18,"column":38}},"locations":[{"start":{"line":18,"column":6},"end":{"line":18,"column":38}}]},"3":{"type":"branch","line":18,"loc":{"start":{"line":18,"column":51},"end":{"line":20,"column":9}},"locations":[{"start":{"line":18,"column":51},"end":{"line":20,"column":9}}]},"4":{"type":"branch","line":28,"loc":{"start":{"line":28,"column":32},"end":{"line":49,"column":7}},"locations":[{"start":{"line":28,"column":32},"end":{"line":49,"column":7}}]},"5":{"type":"branch","line":38,"loc":{"start":{"line":38,"column":12},"end":{"line":38,"column":44}},"locations":[{"start":{"line":38,"column":12},"end":{"line":38,"column":44}}]},"6":{"type":"branch","line":38,"loc":{"start":{"line":38,"column":55},"end":{"line":38,"column":85}},"locations":[{"start":{"line":38,"column":55},"end":{"line":38,"column":85}}]},"7":{"type":"branch","line":38,"loc":{"start":{"line":38,"column":58},"end":{"line":38,"column":87}},"locations":[{"start":{"line":38,"column":58},"end":{"line":38,"column":87}}]},"8":{"type":"branch","line":40,"loc":{"start":{"line":40,"column":20},"end":{"line":40,"column":67}},"locations":[{"start":{"line":40,"column":20},"end":{"line":40,"column":67}}]},"9":{"type":"branch","line":50,"loc":{"start":{"line":50,"column":32},"end":{"line":72,"column":7}},"locations":[{"start":{"line":50,"column":32},"end":{"line":72,"column":7}}]},"10":{"type":"branch","line":51,"loc":{"start":{"line":51,"column":46},"end":{"line":51,"column":75}},"locations":[{"start":{"line":51,"column":46},"end":{"line":51,"column":75}}]},"11":{"type":"branch","line":61,"loc":{"start":{"line":61,"column":12},"end":{"line":61,"column":44}},"locations":[{"start":{"line":61,"column":12},"end":{"line":61,"column":44}}]},"12":{"type":"branch","line":61,"loc":{"start":{"line":61,"column":55},"end":{"line":61,"column":85}},"locations":[{"start":{"line":61,"column":55},"end":{"line":61,"column":85}}]},"13":{"type":"branch","line":78,"loc":{"start":{"line":78,"column":14},"end":{"line":78,"column":46}},"locations":[{"start":{"line":78,"column":14},"end":{"line":78,"column":46}}]},"14":{"type":"branch","line":85,"loc":{"start":{"line":85,"column":14},"end":{"line":85,"column":73}},"locations":[{"start":{"line":85,"column":14},"end":{"line":85,"column":73}}]},"15":{"type":"branch","line":85,"loc":{"start":{"line":85,"column":35},"end":{"line":85,"column":73}},"locations":[{"start":{"line":85,"column":35},"end":{"line":85,"column":73}}]}},"b":{"0":[7],"1":[1],"2":[0],"3":[0],"4":[7],"5":[2],"6":[1],"7":[13],"8":[1],"9":[7],"10":[14],"11":[2],"12":[0],"13":[1],"14":[1],"15":[0]},"fnMap":{"0":{"name":"PropertySelection","decl":{"start":{"line":13,"column":26},"end":{"line":92,"column":2}},"loc":{"start":{"line":13,"column":26},"end":{"line":92,"column":2}},"line":13},"1":{"name":"handleMappingPropertySelection","decl":{"start":{"line":17,"column":40},"end":{"line":23,"column":3}},"loc":{"start":{"line":17,"column":40},"end":{"line":23,"column":3}},"line":17},"2":{"name":"onClick","decl":{"start":{"line":40,"column":20},"end":{"line":40,"column":67}},"loc":{"start":{"line":40,"column":20},"end":{"line":40,"column":67}},"line":40},"3":{"name":"onClick","decl":{"start":{"line":63,"column":20},"end":{"line":63,"column":67}},"loc":{"start":{"line":63,"column":20},"end":{"line":63,"column":67}},"line":63},"4":{"name":"onClick","decl":{"start":{"line":78,"column":14},"end":{"line":78,"column":46}},"loc":{"start":{"line":78,"column":14},"end":{"line":78,"column":46}},"line":78},"5":{"name":"onClick","decl":{"start":{"line":85,"column":14},"end":{"line":85,"column":73}},"loc":{"start":{"line":85,"column":14},"end":{"line":85,"column":73}},"line":85}},"f":{"0":7,"1":1,"2":1,"3":0,"4":1,"5":1}}
,"C:\\Users\\draga\\Documents\\Avantos\\react-journey-builder\\src\\components\\react-flow\\ReactFlow.tsx": {"path":"C:\\Users\\draga\\Documents\\Avantos\\react-journey-builder\\src\\components\\react-flow\\ReactFlow.tsx","all":false,"statementMap":{"0":{"start":{"line":1,"column":0},"end":{"line":1,"column":44}},"1":{"start":{"line":2,"column":0},"end":{"line":2,"column":56}},"3":{"start":{"line":4,"column":0},"end":{"line":4,"column":66}},"4":{"start":{"line":5,"column":0},"end":{"line":5,"column":44}},"6":{"start":{"line":7,"column":0},"end":{"line":7,"column":34}},"12":{"start":{"line":13,"column":0},"end":{"line":13,"column":52}},"13":{"start":{"line":14,"column":0},"end":{"line":14,"column":64}},"14":{"start":{"line":15,"column":0},"end":{"line":15,"column":49}},"16":{"start":{"line":17,"column":0},"end":{"line":17,"column":59}},"17":{"start":{"line":18,"column":0},"end":{"line":18,"column":22}},"18":{"start":{"line":19,"column":0},"end":{"line":19,"column":3}},"20":{"start":{"line":21,"column":0},"end":{"line":21,"column":9}},"21":{"start":{"line":22,"column":0},"end":{"line":22,"column":109}},"22":{"start":{"line":23,"column":0},"end":{"line":23,"column":17}},"25":{"start":{"line":26,"column":0},"end":{"line":26,"column":1}},"27":{"start":{"line":28,"column":0},"end":{"line":28,"column":25}}},"s":{"0":1,"1":1,"3":1,"4":1,"6":1,"12":2,"13":2,"14":2,"16":2,"17":1,"18":1,"20":2,"21":2,"22":2,"25":2,"27":1},"branchMap":{"0":{"type":"branch","line":13,"loc":{"start":{"line":13,"column":0},"end":{"line":26,"column":1}},"locations":[{"start":{"line":13,"column":0},"end":{"line":26,"column":1}}]},"1":{"type":"branch","line":14,"loc":{"start":{"line":14,"column":27},"end":{"line":14,"column":60}},"locations":[{"start":{"line":14,"column":27},"end":{"line":14,"column":60}}]},"2":{"type":"branch","line":17,"loc":{"start":{"line":17,"column":21},"end":{"line":19,"column":3}},"locations":[{"start":{"line":17,"column":21},"end":{"line":19,"column":3}}]}},"b":{"0":[2],"1":[2],"2":[1]},"fnMap":{"0":{"name":"GraphFlow","decl":{"start":{"line":13,"column":0},"end":{"line":26,"column":1}},"loc":{"start":{"line":13,"column":0},"end":{"line":26,"column":1}},"line":13},"1":{"name":"onNodeClick","decl":{"start":{"line":17,"column":21},"end":{"line":19,"column":3}},"loc":{"start":{"line":17,"column":21},"end":{"line":19,"column":3}},"line":17}},"f":{"0":2,"1":1}}
,"C:\\Users\\draga\\Documents\\Avantos\\react-journey-builder\\src\\components\\react-flow\\ReactFlowNode.tsx": {"path":"C:\\Users\\draga\\Documents\\Avantos\\react-journey-builder\\src\\components\\react-flow\\ReactFlowNode.tsx","all":false,"statementMap":{"0":{"start":{"line":1,"column":0},"end":{"line":1,"column":35}},"1":{"start":{"line":2,"column":0},"end":{"line":2,"column":37}},"3":{"start":{"line":4,"column":0},"end":{"line":4,"column":52}},"11":{"start":{"line":12,"column":0},"end":{"line":12,"column":52}},"12":{"start":{"line":13,"column":0},"end":{"line":13,"column":9}},"13":{"start":{"line":14,"column":0},"end":{"line":14,"column":6}},"14":{"start":{"line":15,"column":0},"end":{"line":15,"column":32}},"15":{"start":{"line":16,"column":0},"end":{"line":16,"column":94}},"17":{"start":{"line":18,"column":0},"end":{"line":18,"column":68}},"19":{"start":{"line":20,"column":0},"end":{"line":20,"column":49}},"20":{"start":{"line":21,"column":0},"end":{"line":21,"column":49}},"21":{"start":{"line":22,"column":0},"end":{"line":22,"column":54}},"24":{"start":{"line":25,"column":0},"end":{"line":25,"column":72}},"25":{"start":{"line":26,"column":0},"end":{"line":26,"column":73}},"28":{"start":{"line":29,"column":0},"end":{"line":29,"column":2}},"30":{"start":{"line":31,"column":0},"end":{"line":31,"column":29}}},"s":{"0":1,"1":1,"3":1,"11":1,"12":3,"13":3,"14":3,"15":3,"17":3,"19":3,"20":3,"21":3,"24":3,"25":3,"28":3,"30":1},"branchMap":{"0":{"type":"branch","line":12,"loc":{"start":{"line":12,"column":22},"end":{"line":29,"column":2}},"locations":[{"start":{"line":12,"column":22},"end":{"line":29,"column":2}}]}},"b":{"0":[3]},"fnMap":{"0":{"name":"ReactFlowNode","decl":{"start":{"line":12,"column":22},"end":{"line":29,"column":2}},"loc":{"start":{"line":12,"column":22},"end":{"line":29,"column":2}},"line":12}},"f":{"0":3}}
,"C:\\Users\\draga\\Documents\\Avantos\\react-journey-builder\\src\\components\\ui\\accordion.tsx": {"path":"C:\\Users\\draga\\Documents\\Avantos\\react-journey-builder\\src\\components\\ui\\accordion.tsx","all":false,"statementMap":{"0":{"start":{"line":1,"column":0},"end":{"line":1,"column":13}},"2":{"start":{"line":3,"column":0},"end":{"line":3,"column":43}},"3":{"start":{"line":4,"column":0},"end":{"line":4,"column":31}},"5":{"start":{"line":6,"column":0},"end":{"line":6,"column":33}},"6":{"start":{"line":7,"column":0},"end":{"line":7,"column":64}},"8":{"start":{"line":9,"column":0},"end":{"line":9,"column":42}},"10":{"start":{"line":11,"column":0},"end":{"line":11,"column":39}},"13":{"start":{"line":14,"column":0},"end":{"line":14,"column":37}},"14":{"start":{"line":15,"column":0},"end":{"line":15,"column":87}},"16":{"start":{"line":17,"column":0},"end":{"line":17,"column":44}},"18":{"start":{"line":19,"column":0},"end":{"line":19,"column":42}},"21":{"start":{"line":22,"column":0},"end":{"line":22,"column":47}},"22":{"start":{"line":23,"column":0},"end":{"line":23,"column":45}},"23":{"start":{"line":24,"column":0},"end":{"line":24,"column":29}},"24":{"start":{"line":25,"column":0},"end":{"line":25,"column":12}},"25":{"start":{"line":26,"column":0},"end":{"line":26,"column":17}},"26":{"start":{"line":27,"column":0},"end":{"line":27,"column":149}},"27":{"start":{"line":28,"column":0},"end":{"line":28,"column":13}},"29":{"start":{"line":30,"column":0},"end":{"line":30,"column":13}},"31":{"start":{"line":32,"column":0},"end":{"line":32,"column":13}},"32":{"start":{"line":33,"column":0},"end":{"line":33,"column":103}},"36":{"start":{"line":37,"column":0},"end":{"line":37,"column":70}},"38":{"start":{"line":39,"column":0},"end":{"line":39,"column":42}},"41":{"start":{"line":42,"column":0},"end":{"line":42,"column":47}},"42":{"start":{"line":43,"column":0},"end":{"line":43,"column":28}},"43":{"start":{"line":44,"column":0},"end":{"line":44,"column":11}},"44":{"start":{"line":45,"column":0},"end":{"line":45,"column":16}},"45":{"start":{"line":46,"column":0},"end":{"line":46,"column":111}},"46":{"start":{"line":47,"column":0},"end":{"line":47,"column":12}},"48":{"start":{"line":49,"column":0},"end":{"line":49,"column":12}},"50":{"start":{"line":51,"column":0},"end":{"line":51,"column":45}},"53":{"start":{"line":54,"column":0},"end":{"line":54,"column":70}}},"s":{"0":1,"2":1,"3":1,"5":1,"6":1,"8":1,"10":1,"13":1,"14":1,"16":1,"18":1,"21":1,"22":1,"23":1,"24":1,"25":1,"26":1,"27":1,"29":1,"31":1,"32":1,"36":1,"38":1,"41":1,"42":1,"43":1,"44":1,"45":1,"46":1,"48":1,"50":1,"53":1},"branchMap":{},"b":{},"fnMap":{},"f":{}}
,"C:\\Users\\draga\\Documents\\Avantos\\react-journey-builder\\src\\components\\ui\\sheet.tsx": {"path":"C:\\Users\\draga\\Documents\\Avantos\\react-journey-builder\\src\\components\\ui\\sheet.tsx","all":false,"statementMap":{"0":{"start":{"line":1,"column":0},"end":{"line":1,"column":13}},"2":{"start":{"line":3,"column":0},"end":{"line":3,"column":66}},"3":{"start":{"line":4,"column":0},"end":{"line":4,"column":33}},"4":{"start":{"line":5,"column":0},"end":{"line":5,"column":31}},"6":{"start":{"line":7,"column":0},"end":{"line":7,"column":33}},"7":{"start":{"line":8,"column":0},"end":{"line":8,"column":57}},"9":{"start":{"line":10,"column":0},"end":{"line":10,"column":34}},"11":{"start":{"line":12,"column":0},"end":{"line":12,"column":44}},"13":{"start":{"line":14,"column":0},"end":{"line":14,"column":40}},"15":{"start":{"line":16,"column":0},"end":{"line":16,"column":42}},"17":{"start":{"line":18,"column":0},"end":{"line":18,"column":38}},"20":{"start":{"line":21,"column":0},"end":{"line":21,"column":37}},"21":{"start":{"line":22,"column":0},"end":{"line":22,"column":24}},"22":{"start":{"line":23,"column":0},"end":{"line":23,"column":16}},"23":{"start":{"line":24,"column":0},"end":{"line":24,"column":157}},"24":{"start":{"line":25,"column":0},"end":{"line":25,"column":12}},"26":{"start":{"line":27,"column":0},"end":{"line":27,"column":12}},"27":{"start":{"line":28,"column":0},"end":{"line":28,"column":11}},"30":{"start":{"line":31,"column":0},"end":{"line":31,"column":62}},"32":{"start":{"line":33,"column":0},"end":{"line":33,"column":26}},"33":{"start":{"line":34,"column":0},"end":{"line":34,"column":196}},"34":{"start":{"line":35,"column":0},"end":{"line":35,"column":2}},"35":{"start":{"line":36,"column":0},"end":{"line":36,"column":13}},"36":{"start":{"line":37,"column":0},"end":{"line":37,"column":10}},"37":{"start":{"line":38,"column":0},"end":{"line":38,"column":109}},"38":{"start":{"line":39,"column":0},"end":{"line":39,"column":11}},"39":{"start":{"line":40,"column":0},"end":{"line":40,"column":114}},"40":{"start":{"line":41,"column":0},"end":{"line":41,"column":138}},"41":{"start":{"line":42,"column":0},"end":{"line":42,"column":10}},"42":{"start":{"line":43,"column":0},"end":{"line":43,"column":136}},"43":{"start":{"line":44,"column":0},"end":{"line":44,"column":5}},"44":{"start":{"line":45,"column":0},"end":{"line":45,"column":4}},"45":{"start":{"line":46,"column":0},"end":{"line":46,"column":20}},"46":{"start":{"line":47,"column":0},"end":{"line":47,"column":17}},"47":{"start":{"line":48,"column":0},"end":{"line":48,"column":4}},"48":{"start":{"line":49,"column":0},"end":{"line":49,"column":2}},"55":{"start":{"line":56,"column":0},"end":{"line":56,"column":106}},"56":{"start":{"line":57,"column":0},"end":{"line":57,"column":62}},"57":{"start":{"line":58,"column":0},"end":{"line":58,"column":15}},"58":{"start":{"line":59,"column":0},"end":{"line":59,"column":19}},"59":{"start":{"line":60,"column":0},"end":{"line":60,"column":99}},"60":{"start":{"line":61,"column":0},"end":{"line":61,"column":283}},"61":{"start":{"line":62,"column":0},"end":{"line":62,"column":30}},"62":{"start":{"line":63,"column":0},"end":{"line":63,"column":43}},"64":{"start":{"line":65,"column":0},"end":{"line":65,"column":14}},"69":{"start":{"line":70,"column":0},"end":{"line":70,"column":62}},"71":{"start":{"line":72,"column":0},"end":{"line":72,"column":88}},"72":{"start":{"line":73,"column":0},"end":{"line":73,"column":97}},"74":{"start":{"line":75,"column":0},"end":{"line":75,"column":40}},"76":{"start":{"line":77,"column":0},"end":{"line":77,"column":88}},"77":{"start":{"line":78,"column":0},"end":{"line":78,"column":110}},"79":{"start":{"line":80,"column":0},"end":{"line":80,"column":40}},"81":{"start":{"line":82,"column":0},"end":{"line":82,"column":36}},"84":{"start":{"line":85,"column":0},"end":{"line":85,"column":37}},"85":{"start":{"line":86,"column":0},"end":{"line":86,"column":113}},"87":{"start":{"line":88,"column":0},"end":{"line":88,"column":58}},"89":{"start":{"line":90,"column":0},"end":{"line":90,"column":42}},"92":{"start":{"line":93,"column":0},"end":{"line":93,"column":37}},"93":{"start":{"line":94,"column":0},"end":{"line":94,"column":111}},"95":{"start":{"line":96,"column":0},"end":{"line":96,"column":70}}},"s":{"0":1,"2":1,"3":1,"4":1,"6":1,"7":1,"9":1,"11":1,"13":1,"15":1,"17":1,"20":1,"21":1,"22":1,"23":1,"24":1,"26":1,"27":1,"30":1,"32":1,"33":1,"34":1,"35":1,"36":1,"37":1,"38":1,"39":1,"40":1,"41":1,"42":1,"43":1,"44":1,"45":1,"46":1,"47":1,"48":1,"55":1,"56":1,"57":1,"58":1,"59":1,"60":1,"61":1,"62":1,"64":1,"69":1,"71":1,"72":1,"74":1,"76":1,"77":1,"79":1,"81":1,"84":1,"85":1,"87":1,"89":1,"92":1,"93":1,"95":1},"branchMap":{},"b":{},"fnMap":{},"f":{}}
,"C:\\Users\\draga\\Documents\\Avantos\\react-journey-builder\\src\\context\\BlueprintContext.tsx": {"path":"C:\\Users\\draga\\Documents\\Avantos\\react-journey-builder\\src\\context\\BlueprintContext.tsx","all":false,"statementMap":{"0":{"start":{"line":1,"column":0},"end":{"line":1,"column":84}},"2":{"start":{"line":3,"column":0},"end":{"line":3,"column":89}},"4":{"start":{"line":5,"column":0},"end":{"line":5,"column":98}},"5":{"start":{"line":6,"column":0},"end":{"line":6,"column":66}},"6":{"start":{"line":7,"column":0},"end":{"line":7,"column":61}},"8":{"start":{"line":9,"column":0},"end":{"line":9,"column":46}},"10":{"start":{"line":11,"column":0},"end":{"line":11,"column":13}},"12":{"start":{"line":13,"column":0},"end":{"line":13,"column":38}},"13":{"start":{"line":14,"column":0},"end":{"line":14,"column":11}},"14":{"start":{"line":15,"column":0},"end":{"line":15,"column":11}},"15":{"start":{"line":16,"column":0},"end":{"line":16,"column":22}},"16":{"start":{"line":17,"column":0},"end":{"line":17,"column":2}},"18":{"start":{"line":19,"column":0},"end":{"line":19,"column":77}},"19":{"start":{"line":20,"column":0},"end":{"line":20,"column":70}},"21":{"start":{"line":22,"column":0},"end":{"line":22,"column":18}},"22":{"start":{"line":23,"column":0},"end":{"line":23,"column":37}},"23":{"start":{"line":24,"column":0},"end":{"line":24,"column":8}},"24":{"start":{"line":25,"column":0},"end":{"line":25,"column":43}},"25":{"start":{"line":26,"column":0},"end":{"line":26,"column":57}},"27":{"start":{"line":28,"column":0},"end":{"line":28,"column":66}},"28":{"start":{"line":29,"column":0},"end":{"line":29,"column":64}},"29":{"start":{"line":30,"column":0},"end":{"line":30,"column":13}},"30":{"start":{"line":31,"column":0},"end":{"line":31,"column":51}},"31":{"start":{"line":32,"column":0},"end":{"line":32,"column":26}},"32":{"start":{"line":33,"column":0},"end":{"line":33,"column":26}},"33":{"start":{"line":34,"column":0},"end":{"line":34,"column":7}},"34":{"start":{"line":35,"column":0},"end":{"line":35,"column":7}},"36":{"start":{"line":37,"column":0},"end":{"line":37,"column":14}},"37":{"start":{"line":38,"column":0},"end":{"line":38,"column":15}},"38":{"start":{"line":39,"column":0},"end":{"line":39,"column":19}},"39":{"start":{"line":40,"column":0},"end":{"line":40,"column":19}},"40":{"start":{"line":41,"column":0},"end":{"line":41,"column":44}},"41":{"start":{"line":42,"column":0},"end":{"line":42,"column":7}},"42":{"start":{"line":43,"column":0},"end":{"line":43,"column":33}},"43":{"start":{"line":44,"column":0},"end":{"line":44,"column":7}},"44":{"start":{"line":45,"column":0},"end":{"line":45,"column":20}},"45":{"start":{"line":46,"column":0},"end":{"line":46,"column":62}},"46":{"start":{"line":47,"column":0},"end":{"line":47,"column":4}},"47":{"start":{"line":48,"column":0},"end":{"line":48,"column":4}},"49":{"start":{"line":50,"column":0},"end":{"line":50,"column":18}},"50":{"start":{"line":51,"column":0},"end":{"line":51,"column":8}},"52":{"start":{"line":53,"column":0},"end":{"line":53,"column":102}},"53":{"start":{"line":54,"column":0},"end":{"line":54,"column":2}}},"s":{"0":1,"2":1,"4":1,"5":1,"6":1,"8":1,"10":1,"12":1,"13":1,"14":1,"15":1,"16":1,"18":1,"19":5,"21":5,"22":4,"23":4,"24":4,"25":3,"27":3,"28":3,"29":6,"30":6,"31":6,"32":6,"33":6,"34":6,"36":3,"37":3,"38":3,"39":3,"40":3,"41":3,"42":3,"43":3,"44":4,"45":1,"46":1,"47":4,"49":4,"50":5,"52":5,"53":5},"branchMap":{"0":{"type":"branch","line":19,"loc":{"start":{"line":19,"column":33},"end":{"line":54,"column":2}},"locations":[{"start":{"line":19,"column":33},"end":{"line":54,"column":2}}]},"1":{"type":"branch","line":22,"loc":{"start":{"line":22,"column":11},"end":{"line":51,"column":4}},"locations":[{"start":{"line":22,"column":11},"end":{"line":51,"column":4}}]},"2":{"type":"branch","line":23,"loc":{"start":{"line":23,"column":24},"end":{"line":48,"column":4}},"locations":[{"start":{"line":23,"column":24},"end":{"line":48,"column":4}}]},"3":{"type":"branch","line":25,"loc":{"start":{"line":25,"column":28},"end":{"line":45,"column":5}},"locations":[{"start":{"line":25,"column":28},"end":{"line":45,"column":5}}]},"4":{"type":"branch","line":45,"loc":{"start":{"line":45,"column":5},"end":{"line":47,"column":4}},"locations":[{"start":{"line":45,"column":5},"end":{"line":47,"column":4}}]},"5":{"type":"branch","line":29,"loc":{"start":{"line":29,"column":46},"end":{"line":35,"column":7}},"locations":[{"start":{"line":29,"column":46},"end":{"line":35,"column":7}}]}},"b":{"0":[5],"1":[4],"2":[4],"3":[3],"4":[1],"5":[6]},"fnMap":{"0":{"name":"BlueprintProvider","decl":{"start":{"line":19,"column":33},"end":{"line":54,"column":2}},"loc":{"start":{"line":19,"column":33},"end":{"line":54,"column":2}},"line":19},"1":{"name":"loadBlueprint","decl":{"start":{"line":23,"column":24},"end":{"line":48,"column":4}},"loc":{"start":{"line":23,"column":24},"end":{"line":48,"column":4}},"line":23}},"f":{"0":5,"1":4}}
,"C:\\Users\\draga\\Documents\\Avantos\\react-journey-builder\\src\\lib\\utils.ts": {"path":"C:\\Users\\draga\\Documents\\Avantos\\react-journey-builder\\src\\lib\\utils.ts","all":false,"statementMap":{"0":{"start":{"line":1,"column":0},"end":{"line":1,"column":45}},"1":{"start":{"line":2,"column":0},"end":{"line":2,"column":41}},"3":{"start":{"line":4,"column":0},"end":{"line":4,"column":45}},"4":{"start":{"line":5,"column":0},"end":{"line":5,"column":30}},"5":{"start":{"line":6,"column":0},"end":{"line":6,"column":1}}},"s":{"0":1,"1":1,"3":1,"4":95,"5":95},"branchMap":{"0":{"type":"branch","line":4,"loc":{"start":{"line":4,"column":7},"end":{"line":6,"column":1}},"locations":[{"start":{"line":4,"column":7},"end":{"line":6,"column":1}}]}},"b":{"0":[95]},"fnMap":{"0":{"name":"cn","decl":{"start":{"line":4,"column":7},"end":{"line":6,"column":1}},"loc":{"start":{"line":4,"column":7},"end":{"line":6,"column":1}},"line":4}},"f":{"0":95}}
,"C:\\Users\\draga\\Documents\\Avantos\\react-journey-builder\\src\\service\\mapper\\blueprintMapper.ts": {"path":"C:\\Users\\draga\\Documents\\Avantos\\react-journey-builder\\src\\service\\mapper\\blueprintMapper.ts","all":false,"statementMap":{"3":{"start":{"line":4,"column":0},"end":{"line":4,"column":104}},"4":{"start":{"line":5,"column":0},"end":{"line":5,"column":89}},"5":{"start":{"line":6,"column":0},"end":{"line":6,"column":22}},"7":{"start":{"line":8,"column":0},"end":{"line":8,"column":13}},"8":{"start":{"line":9,"column":0},"end":{"line":9,"column":8}},"10":{"start":{"line":11,"column":0},"end":{"line":11,"column":63}},"11":{"start":{"line":12,"column":0},"end":{"line":12,"column":80}},"13":{"start":{"line":14,"column":0},"end":{"line":14,"column":10}},"14":{"start":{"line":15,"column":0},"end":{"line":15,"column":15}},"15":{"start":{"line":16,"column":0},"end":{"line":16,"column":27}},"16":{"start":{"line":17,"column":0},"end":{"line":17,"column":19}},"17":{"start":{"line":18,"column":0},"end":{"line":18,"column":10}},"18":{"start":{"line":19,"column":0},"end":{"line":19,"column":26}},"19":{"start":{"line":20,"column":0},"end":{"line":20,"column":61}},"20":{"start":{"line":21,"column":0},"end":{"line":21,"column":35}},"21":{"start":{"line":22,"column":0},"end":{"line":22,"column":66}},"22":{"start":{"line":23,"column":0},"end":{"line":23,"column":5}},"23":{"start":{"line":24,"column":0},"end":{"line":24,"column":21}},"24":{"start":{"line":25,"column":0},"end":{"line":25,"column":4}},"26":{"start":{"line":27,"column":0},"end":{"line":27,"column":14}},"27":{"start":{"line":28,"column":0},"end":{"line":28,"column":2}},"29":{"start":{"line":30,"column":0},"end":{"line":30,"column":109}},"30":{"start":{"line":31,"column":0},"end":{"line":31,"column":94}},"31":{"start":{"line":32,"column":0},"end":{"line":32,"column":44}},"32":{"start":{"line":33,"column":0},"end":{"line":33,"column":45}},"33":{"start":{"line":34,"column":0},"end":{"line":34,"column":35}},"34":{"start":{"line":35,"column":0},"end":{"line":35,"column":29}},"35":{"start":{"line":36,"column":0},"end":{"line":36,"column":46}},"37":{"start":{"line":38,"column":0},"end":{"line":38,"column":102}},"38":{"start":{"line":39,"column":0},"end":{"line":39,"column":12}},"39":{"start":{"line":40,"column":0},"end":{"line":40,"column":3}},"41":{"start":{"line":42,"column":0},"end":{"line":42,"column":67}},"43":{"start":{"line":44,"column":0},"end":{"line":44,"column":56}},"45":{"start":{"line":46,"column":0},"end":{"line":46,"column":40}},"47":{"start":{"line":48,"column":0},"end":{"line":48,"column":43}},"48":{"start":{"line":49,"column":0},"end":{"line":49,"column":2}},"50":{"start":{"line":51,"column":0},"end":{"line":51,"column":31}},"51":{"start":{"line":52,"column":0},"end":{"line":52,"column":2}},"53":{"start":{"line":54,"column":0},"end":{"line":54,"column":76}},"54":{"start":{"line":55,"column":0},"end":{"line":55,"column":53}},"56":{"start":{"line":57,"column":0},"end":{"line":57,"column":45}},"58":{"start":{"line":59,"column":0},"end":{"line":59,"column":41}},"59":{"start":{"line":60,"column":0},"end":{"line":60,"column":46}},"60":{"start":{"line":61,"column":0},"end":{"line":61,"column":25}},"61":{"start":{"line":62,"column":0},"end":{"line":62,"column":18}},"62":{"start":{"line":63,"column":0},"end":{"line":63,"column":30}},"63":{"start":{"line":64,"column":0},"end":{"line":64,"column":19}},"64":{"start":{"line":65,"column":0},"end":{"line":65,"column":28}},"66":{"start":{"line":67,"column":0},"end":{"line":67,"column":5}},"67":{"start":{"line":68,"column":0},"end":{"line":68,"column":2}},"69":{"start":{"line":70,"column":0},"end":{"line":70,"column":25}},"70":{"start":{"line":71,"column":0},"end":{"line":71,"column":2}}},"s":{"3":1,"4":4,"5":8,"7":8,"8":4,"10":4,"11":8,"13":8,"14":8,"15":8,"16":8,"17":8,"18":8,"19":8,"20":8,"21":8,"22":8,"23":8,"24":8,"26":4,"27":4,"29":1,"30":1,"31":8,"32":8,"33":8,"34":8,"35":9,"37":9,"38":3,"39":3,"41":6,"43":6,"45":6,"47":6,"48":6,"50":8,"51":8,"53":1,"54":7,"56":7,"58":7,"59":2,"60":2,"61":2,"62":2,"63":2,"64":2,"66":2,"67":2,"69":7,"70":7},"branchMap":{"0":{"type":"branch","line":4,"loc":{"start":{"line":4,"column":52},"end":{"line":28,"column":2}},"locations":[{"start":{"line":4,"column":52},"end":{"line":28,"column":2}}]},"1":{"type":"branch","line":5,"loc":{"start":{"line":5,"column":73},"end":{"line":9,"column":4}},"locations":[{"start":{"line":5,"column":73},"end":{"line":9,"column":4}}]},"2":{"type":"branch","line":11,"loc":{"start":{"line":11,"column":52},"end":{"line":25,"column":4}},"locations":[{"start":{"line":11,"column":52},"end":{"line":25,"column":4}}]},"3":{"type":"branch","line":21,"loc":{"start":{"line":21,"column":14},"end":{"line":21,"column":32}},"locations":[{"start":{"line":21,"column":14},"end":{"line":21,"column":32}}]},"4":{"type":"branch","line":21,"loc":{"start":{"line":21,"column":24},"end":{"line":21,"column":35}},"locations":[{"start":{"line":21,"column":24},"end":{"line":21,"column":35}}]},"5":{"type":"branch","line":22,"loc":{"start":{"line":22,"column":16},"end":{"line":22,"column":63}},"locations":[{"start":{"line":22,"column":16},"end":{"line":22,"column":63}}]},"6":{"type":"branch","line":22,"loc":{"start":{"line":22,"column":55},"end":{"line":22,"column":66}},"locations":[{"start":{"line":22,"column":55},"end":{"line":22,"column":66}}]},"7":{"type":"branch","line":12,"loc":{"start":{"line":12,"column":40},"end":{"line":12,"column":78}},"locations":[{"start":{"line":12,"column":40},"end":{"line":12,"column":78}}]},"8":{"type":"branch","line":31,"loc":{"start":{"line":31,"column":28},"end":{"line":52,"column":2}},"locations":[{"start":{"line":31,"column":28},"end":{"line":52,"column":2}}]},"9":{"type":"branch","line":35,"loc":{"start":{"line":35,"column":28},"end":{"line":49,"column":2}},"locations":[{"start":{"line":35,"column":28},"end":{"line":49,"column":2}}]},"10":{"type":"branch","line":38,"loc":{"start":{"line":38,"column":62},"end":{"line":38,"column":99}},"locations":[{"start":{"line":38,"column":62},"end":{"line":38,"column":99}}]},"11":{"type":"branch","line":38,"loc":{"start":{"line":38,"column":101},"end":{"line":40,"column":3}},"locations":[{"start":{"line":38,"column":101},"end":{"line":40,"column":3}}]},"12":{"type":"branch","line":40,"loc":{"start":{"line":40,"column":2},"end":{"line":49,"column":2}},"locations":[{"start":{"line":40,"column":2},"end":{"line":49,"column":2}}]},"13":{"type":"branch","line":54,"loc":{"start":{"line":54,"column":26},"end":{"line":71,"column":2}},"locations":[{"start":{"line":54,"column":26},"end":{"line":71,"column":2}}]},"14":{"type":"branch","line":59,"loc":{"start":{"line":59,"column":40},"end":{"line":68,"column":2}},"locations":[{"start":{"line":59,"column":40},"end":{"line":68,"column":2}}]},"15":{"type":"branch","line":63,"loc":{"start":{"line":63,"column":23},"end":{"line":63,"column":30}},"locations":[{"start":{"line":63,"column":23},"end":{"line":63,"column":30}}]}},"b":{"0":[4],"1":[8],"2":[8],"3":[7],"4":[1],"5":[7],"6":[1],"7":[12],"8":[8],"9":[9],"10":[8],"11":[3],"12":[6],"13":[7],"14":[2],"15":[0]},"fnMap":{"0":{"name":"mapBlueprintGraphDtoToBlueprintNodes","decl":{"start":{"line":4,"column":52},"end":{"line":28,"column":2}},"loc":{"start":{"line":4,"column":52},"end":{"line":28,"column":2}},"line":4},"1":{"name":"getNodePredecessors","decl":{"start":{"line":31,"column":28},"end":{"line":52,"column":2}},"loc":{"start":{"line":31,"column":28},"end":{"line":52,"column":2}},"line":31},"2":{"name":"mapFormProperties","decl":{"start":{"line":54,"column":26},"end":{"line":71,"column":2}},"loc":{"start":{"line":54,"column":26},"end":{"line":71,"column":2}},"line":54}},"f":{"0":4,"1":8,"2":7}}
,"C:\\Users\\draga\\Documents\\Avantos\\react-journey-builder\\src\\state\\blueprintReducer.tsx": {"path":"C:\\Users\\draga\\Documents\\Avantos\\react-journey-builder\\src\\state\\blueprintReducer.tsx","all":false,"statementMap":{"0":{"start":{"line":1,"column":0},"end":{"line":1,"column":98}},"2":{"start":{"line":3,"column":0},"end":{"line":3,"column":94}},"3":{"start":{"line":4,"column":0},"end":{"line":4,"column":45}},"4":{"start":{"line":5,"column":0},"end":{"line":5,"column":15}},"5":{"start":{"line":6,"column":0},"end":{"line":6,"column":2}},"7":{"start":{"line":8,"column":0},"end":{"line":8,"column":32}},"9":{"start":{"line":10,"column":0},"end":{"line":10,"column":109}},"10":{"start":{"line":11,"column":0},"end":{"line":11,"column":2}},"12":{"start":{"line":13,"column":0},"end":{"line":13,"column":104}},"13":{"start":{"line":14,"column":0},"end":{"line":14,"column":56}},"14":{"start":{"line":15,"column":0},"end":{"line":15,"column":15}},"15":{"start":{"line":16,"column":0},"end":{"line":16,"column":2}},"17":{"start":{"line":18,"column":0},"end":{"line":18,"column":32}},"18":{"start":{"line":19,"column":0},"end":{"line":19,"column":78}},"20":{"start":{"line":21,"column":0},"end":{"line":21,"column":12}},"21":{"start":{"line":22,"column":0},"end":{"line":22,"column":96}},"23":{"start":{"line":24,"column":0},"end":{"line":24,"column":17}},"24":{"start":{"line":25,"column":0},"end":{"line":25,"column":60}},"25":{"start":{"line":26,"column":0},"end":{"line":26,"column":3}},"26":{"start":{"line":27,"column":0},"end":{"line":27,"column":2}},"28":{"start":{"line":29,"column":0},"end":{"line":29,"column":41}},"29":{"start":{"line":30,"column":0},"end":{"line":30,"column":2}},"31":{"start":{"line":32,"column":0},"end":{"line":32,"column":104}},"32":{"start":{"line":33,"column":0},"end":{"line":33,"column":68}},"33":{"start":{"line":34,"column":0},"end":{"line":34,"column":15}},"34":{"start":{"line":35,"column":0},"end":{"line":35,"column":2}},"36":{"start":{"line":37,"column":0},"end":{"line":37,"column":32}},"38":{"start":{"line":39,"column":0},"end":{"line":39,"column":78}},"40":{"start":{"line":41,"column":0},"end":{"line":41,"column":12}},"41":{"start":{"line":42,"column":0},"end":{"line":42,"column":96}},"43":{"start":{"line":44,"column":0},"end":{"line":44,"column":17}},"44":{"start":{"line":45,"column":0},"end":{"line":45,"column":43}},"45":{"start":{"line":46,"column":0},"end":{"line":46,"column":3}},"46":{"start":{"line":47,"column":0},"end":{"line":47,"column":2}},"48":{"start":{"line":49,"column":0},"end":{"line":49,"column":41}},"49":{"start":{"line":50,"column":0},"end":{"line":50,"column":2}},"51":{"start":{"line":52,"column":0},"end":{"line":52,"column":101}},"52":{"start":{"line":53,"column":0},"end":{"line":53,"column":23}},"53":{"start":{"line":54,"column":0},"end":{"line":54,"column":29}},"54":{"start":{"line":55,"column":0},"end":{"line":55,"column":42}},"55":{"start":{"line":56,"column":0},"end":{"line":56,"column":40}},"56":{"start":{"line":57,"column":0},"end":{"line":57,"column":52}},"57":{"start":{"line":58,"column":0},"end":{"line":58,"column":52}},"58":{"start":{"line":59,"column":0},"end":{"line":59,"column":52}},"59":{"start":{"line":60,"column":0},"end":{"line":60,"column":10}},"60":{"start":{"line":61,"column":0},"end":{"line":61,"column":41}},"61":{"start":{"line":62,"column":0},"end":{"line":62,"column":2}},"62":{"start":{"line":63,"column":0},"end":{"line":63,"column":2}}},"s":{"0":1,"2":1,"3":2,"4":0,"5":0,"7":2,"9":2,"10":2,"12":1,"13":3,"14":0,"15":0,"17":3,"18":3,"20":3,"21":2,"23":2,"24":1,"25":1,"26":2,"28":3,"29":3,"31":1,"32":3,"33":0,"34":0,"36":3,"38":3,"40":3,"41":2,"43":2,"44":1,"45":1,"46":2,"48":3,"49":3,"51":1,"52":9,"53":9,"54":2,"55":9,"56":3,"57":9,"58":3,"59":9,"60":1,"61":9,"62":9},"branchMap":{"0":{"type":"branch","line":3,"loc":{"start":{"line":3,"column":25},"end":{"line":11,"column":2}},"locations":[{"start":{"line":3,"column":25},"end":{"line":11,"column":2}}]},"1":{"type":"branch","line":4,"loc":{"start":{"line":4,"column":44},"end":{"line":6,"column":2}},"locations":[{"start":{"line":4,"column":44},"end":{"line":6,"column":2}}]},"2":{"type":"branch","line":13,"loc":{"start":{"line":13,"column":35},"end":{"line":30,"column":2}},"locations":[{"start":{"line":13,"column":35},"end":{"line":30,"column":2}}]},"3":{"type":"branch","line":14,"loc":{"start":{"line":14,"column":55},"end":{"line":16,"column":2}},"locations":[{"start":{"line":14,"column":55},"end":{"line":16,"column":2}}]},"4":{"type":"branch","line":21,"loc":{"start":{"line":21,"column":11},"end":{"line":27,"column":2}},"locations":[{"start":{"line":21,"column":11},"end":{"line":27,"column":2}}]},"5":{"type":"branch","line":24,"loc":{"start":{"line":24,"column":16},"end":{"line":26,"column":3}},"locations":[{"start":{"line":24,"column":16},"end":{"line":26,"column":3}}]},"6":{"type":"branch","line":19,"loc":{"start":{"line":19,"column":31},"end":{"line":19,"column":76}},"locations":[{"start":{"line":19,"column":31},"end":{"line":19,"column":76}}]},"7":{"type":"branch","line":22,"loc":{"start":{"line":22,"column":45},"end":{"line":22,"column":94}},"locations":[{"start":{"line":22,"column":45},"end":{"line":22,"column":94}}]},"8":{"type":"branch","line":32,"loc":{"start":{"line":32,"column":35},"end":{"line":50,"column":2}},"locations":[{"start":{"line":32,"column":35},"end":{"line":50,"column":2}}]},"9":{"type":"branch","line":33,"loc":{"start":{"line":33,"column":67},"end":{"line":35,"column":2}},"locations":[{"start":{"line":33,"column":67},"end":{"line":35,"column":2}}]},"10":{"type":"branch","line":41,"loc":{"start":{"line":41,"column":11},"end":{"line":47,"column":2}},"locations":[{"start":{"line":41,"column":11},"end":{"line":47,"column":2}}]},"11":{"type":"branch","line":44,"loc":{"start":{"line":44,"column":16},"end":{"line":46,"column":3}},"locations":[{"start":{"line":44,"column":16},"end":{"line":46,"column":3}}]},"12":{"type":"branch","line":39,"loc":{"start":{"line":39,"column":31},"end":{"line":39,"column":76}},"locations":[{"start":{"line":39,"column":31},"end":{"line":39,"column":76}}]},"13":{"type":"branch","line":42,"loc":{"start":{"line":42,"column":45},"end":{"line":42,"column":94}},"locations":[{"start":{"line":42,"column":45},"end":{"line":42,"column":94}}]},"14":{"type":"branch","line":52,"loc":{"start":{"line":52,"column":32},"end":{"line":63,"column":2}},"locations":[{"start":{"line":52,"column":32},"end":{"line":63,"column":2}}]},"15":{"type":"branch","line":54,"loc":{"start":{"line":54,"column":2},"end":{"line":55,"column":42}},"locations":[{"start":{"line":54,"column":2},"end":{"line":55,"column":42}}]},"16":{"type":"branch","line":56,"loc":{"start":{"line":56,"column":2},"end":{"line":57,"column":52}},"locations":[{"start":{"line":56,"column":2},"end":{"line":57,"column":52}}]},"17":{"type":"branch","line":58,"loc":{"start":{"line":58,"column":2},"end":{"line":59,"column":52}},"locations":[{"start":{"line":58,"column":2},"end":{"line":59,"column":52}}]},"18":{"type":"branch","line":60,"loc":{"start":{"line":60,"column":2},"end":{"line":61,"column":41}},"locations":[{"start":{"line":60,"column":2},"end":{"line":61,"column":41}}]}},"b":{"0":[2],"1":[0],"2":[3],"3":[0],"4":[2],"5":[1],"6":[3],"7":[2],"8":[3],"9":[0],"10":[2],"11":[1],"12":[3],"13":[2],"14":[9],"15":[2],"16":[3],"17":[3],"18":[1]},"fnMap":{"0":{"name":"handleInitAction","decl":{"start":{"line":3,"column":25},"end":{"line":11,"column":2}},"loc":{"start":{"line":3,"column":25},"end":{"line":11,"column":2}},"line":3},"1":{"name":"handleUpdatePropertyAction","decl":{"start":{"line":13,"column":35},"end":{"line":30,"column":2}},"loc":{"start":{"line":13,"column":35},"end":{"line":30,"column":2}},"line":13},"2":{"name":"handleDeletePropertyAction","decl":{"start":{"line":32,"column":35},"end":{"line":50,"column":2}},"loc":{"start":{"line":32,"column":35},"end":{"line":50,"column":2}},"line":32},"3":{"name":"blueprintReducer","decl":{"start":{"line":52,"column":32},"end":{"line":63,"column":2}},"loc":{"start":{"line":52,"column":32},"end":{"line":63,"column":2}},"line":52}},"f":{"0":2,"1":3,"2":3,"3":9}}
,"C:\\Users\\draga\\Documents\\Avantos\\react-journey-builder\\src\\types\\images.d.ts": {"path":"C:\\Users\\draga\\Documents\\Avantos\\react-journey-builder\\src\\types\\images.d.ts","all":true,"statementMap":{},"s":{},"branchMap":{"0":{"type":"branch","line":1,"loc":{"start":{"line":1,"column":309},"end":{"line":19,"column":1}},"locations":[{"start":{"line":1,"column":309},"end":{"line":19,"column":1}}]}},"b":{"0":[1]},"fnMap":{"0":{"name":"(empty-report)","decl":{"start":{"line":1,"column":309},"end":{"line":19,"column":1}},"loc":{"start":{"line":1,"column":309},"end":{"line":19,"column":1}},"line":1}},"f":{"0":1}}
,"C:\\Users\\draga\\Documents\\Avantos\\react-journey-builder\\src\\types\\dto\\blueprint.ts": {"path":"C:\\Users\\draga\\Documents\\Avantos\\react-journey-builder\\src\\types\\dto\\blueprint.ts","all":true,"statementMap":{},"s":{},"branchMap":{"0":{"type":"branch","line":1,"loc":{"start":{"line":1,"column":1820},"end":{"line":99,"column":1}},"locations":[{"start":{"line":1,"column":1820},"end":{"line":99,"column":1}}]}},"b":{"0":[1]},"fnMap":{"0":{"name":"(empty-report)","decl":{"start":{"line":1,"column":1820},"end":{"line":99,"column":1}},"loc":{"start":{"line":1,"column":1820},"end":{"line":99,"column":1}},"line":1}},"f":{"0":1}}
,"C:\\Users\\draga\\Documents\\Avantos\\react-journey-builder\\src\\types\\internal\\blueprintNode.ts": {"path":"C:\\Users\\draga\\Documents\\Avantos\\react-journey-builder\\src\\types\\internal\\blueprintNode.ts","all":true,"statementMap":{},"s":{},"branchMap":{"0":{"type":"branch","line":1,"loc":{"start":{"line":1,"column":486},"end":{"line":29,"column":1}},"locations":[{"start":{"line":1,"column":486},"end":{"line":29,"column":1}}]}},"b":{"0":[1]},"fnMap":{"0":{"name":"(empty-report)","decl":{"start":{"line":1,"column":486},"end":{"line":29,"column":1}},"loc":{"start":{"line":1,"column":486},"end":{"line":29,"column":1}},"line":1}},"f":{"0":1}}
,"C:\\Users\\draga\\Documents\\Avantos\\react-journey-builder\\src\\types\\internal\\edge.ts": {"path":"C:\\Users\\draga\\Documents\\Avantos\\react-journey-builder\\src\\types\\internal\\edge.ts","all":true,"statementMap":{},"s":{},"branchMap":{"0":{"type":"branch","line":1,"loc":{"start":{"line":1,"column":76},"end":{"line":5,"column":1}},"locations":[{"start":{"line":1,"column":76},"end":{"line":5,"column":1}}]}},"b":{"0":[1]},"fnMap":{"0":{"name":"(empty-report)","decl":{"start":{"line":1,"column":76},"end":{"line":5,"column":1}},"loc":{"start":{"line":1,"column":76},"end":{"line":5,"column":1}},"line":1}},"f":{"0":1}}
,"C:\\Users\\draga\\Documents\\Avantos\\react-journey-builder\\src\\types\\state\\blueprintState.ts": {"path":"C:\\Users\\draga\\Documents\\Avantos\\react-journey-builder\\src\\types\\state\\blueprintState.ts","all":false,"statementMap":{"23":{"start":{"line":24,"column":0},"end":{"line":24,"column":30}}},"s":{"23":1},"branchMap":{},"b":{},"fnMap":{},"f":{}}
}
